<?xml version="1.0" encoding="UTF-8"?>
<!-- Generated by org.testng.reporters.JUnitReportReporter -->
<testsuite skipped="0" hostname="VIJDA01-7470" name="Gen.cool.dataprovider" tests="1" failures="0" timestamp="01 Sep 2019 05:06:31 GMT" time="0.001" errors="0">
  <testcase name="ca" time="0.001" classname="Gen.cool.dataprovider"/>
</testsuite> <!-- Gen.cool.dataprovider -->
