<?xml version="1.0" encoding="UTF-8"?>
<!-- Generated by org.testng.reporters.JUnitReportReporter -->
<testsuite skipped="0" hostname="VIJDA01-7470" name="Gen.cool.mypage" tests="4" failures="0" timestamp="01 Sep 2019 05:06:31 GMT" time="7.369" errors="0">
  <testcase name="launch" time="3.835" classname="Gen.cool.mypage"/>
  <testcase name="z" time="0.003" classname="Gen.cool.mypage"/>
  <testcase name="l" time="3.530" classname="Gen.cool.mypage"/>
  <testcase name="xx" time="0.001" classname="Gen.cool.mypage"/>
</testsuite> <!-- Gen.cool.mypage -->
